0 info it worked if it ends with ok
1 verbose cli [ 'C:\\Program Files\\nodejs\\\\node.exe',
1 verbose cli   'C:\\Program Files\\nodejs\\node_modules\\npm\\bin\\npm-cli.js',
1 verbose cli   'install' ]
2 info using npm@1.3.24
3 info using node@v0.10.25
4 verbose node symlink C:\Program Files\nodejs\\node.exe
5 info shrinkwrap file "C:\\Users\\Reginald\\Desktop\\CSE121\\AngularChat\\npm-shrinkwrap.json"
6 verbose readDependencies returned deps { ejs: '0.8.5',
6 verbose readDependencies returned deps   express: '3.4.8',
6 verbose readDependencies returned deps   'node-uuid': '1.4.1',
6 verbose readDependencies returned deps   nodemon: '1.0.13',
6 verbose readDependencies returned deps   'socket.io': '0.9.16',
6 verbose readDependencies returned deps   shrinkwrap: '0.0.3',
6 verbose readDependencies returned deps   underscore: '1.5.2',
6 verbose readDependencies returned deps   bower: '1.2.8' }
7 verbose install where, deps [ 'C:\\Users\\Reginald\\Desktop\\CSE121\\AngularChat',
7 verbose install   [ 'ejs',
7 verbose install     'express',
7 verbose install     'node-uuid',
7 verbose install     'nodemon',
7 verbose install     'socket.io',
7 verbose install     'shrinkwrap',
7 verbose install     'underscore',
7 verbose install     'bower' ] ]
8 info preinstall AngularChat@0.9.0
9 info shrinkwrap file "C:\\Users\\Reginald\\Desktop\\CSE121\\AngularChat\\npm-shrinkwrap.json"
10 verbose readDependencies returned deps { ejs: '0.8.5',
10 verbose readDependencies returned deps   express: '3.4.8',
10 verbose readDependencies returned deps   'node-uuid': '1.4.1',
10 verbose readDependencies returned deps   nodemon: '1.0.13',
10 verbose readDependencies returned deps   'socket.io': '0.9.16',
10 verbose readDependencies returned deps   shrinkwrap: '0.0.3',
10 verbose readDependencies returned deps   underscore: '1.5.2',
10 verbose readDependencies returned deps   bower: '1.2.8' }
11 verbose already installed skipping ejs@0.8.5 C:\Users\Reginald\Desktop\CSE121\AngularChat
12 verbose already installed skipping express@3.4.8 C:\Users\Reginald\Desktop\CSE121\AngularChat
13 verbose already installed skipping node-uuid@1.4.1 C:\Users\Reginald\Desktop\CSE121\AngularChat
14 verbose already installed skipping nodemon@1.0.13 C:\Users\Reginald\Desktop\CSE121\AngularChat
15 verbose already installed skipping socket.io@0.9.16 C:\Users\Reginald\Desktop\CSE121\AngularChat
16 verbose already installed skipping shrinkwrap@0.0.3 C:\Users\Reginald\Desktop\CSE121\AngularChat
17 verbose already installed skipping underscore@1.5.2 C:\Users\Reginald\Desktop\CSE121\AngularChat
18 verbose already installed skipping bower@1.2.8 C:\Users\Reginald\Desktop\CSE121\AngularChat
19 silly resolved []
20 info build C:\Users\Reginald\Desktop\CSE121\AngularChat
21 verbose linkStuff [ false, false, false, 'C:\\Users\\Reginald\\Desktop\\CSE121' ]
22 info linkStuff AngularChat@0.9.0
23 verbose linkBins AngularChat@0.9.0
24 verbose linkMans AngularChat@0.9.0
25 verbose rebuildBundles AngularChat@0.9.0
26 verbose rebuildBundles [ '.bin',
26 verbose rebuildBundles   '.gitkeep',
26 verbose rebuildBundles   'bower',
26 verbose rebuildBundles   'ejs',
26 verbose rebuildBundles   'express',
26 verbose rebuildBundles   'node-uuid',
26 verbose rebuildBundles   'nodemon',
26 verbose rebuildBundles   'shrinkwrap',
26 verbose rebuildBundles   'socket.io',
26 verbose rebuildBundles   'underscore' ]
27 verbose rebuild bundle C:\Users\Reginald\Desktop\CSE121\AngularChat\node_modules\nodemon
28 info build C:\Users\Reginald\Desktop\CSE121\AngularChat\node_modules\nodemon
29 info preinstall nodemon@1.0.13
30 verbose linkStuff [ false,
30 verbose linkStuff   false,
30 verbose linkStuff   false,
30 verbose linkStuff   'C:\\Users\\Reginald\\Desktop\\CSE121\\AngularChat\\node_modules' ]
31 info linkStuff nodemon@1.0.13
32 warn prefer global nodemon@1.0.13 should be installed with -g
33 verbose linkBins nodemon@1.0.13
34 verbose link bins [ { nodemon: './bin/nodemon.js' },
34 verbose link bins   'C:\\Users\\Reginald\\Desktop\\CSE121\\AngularChat\\node_modules\\.bin',
34 verbose link bins   false ]
35 verbose linkMans nodemon@1.0.13
36 verbose rebuildBundles nodemon@1.0.13
37 verbose rebuildBundles [ 'minimatch', 'update-notifier' ]
38 info install nodemon@1.0.13
39 info postinstall nodemon@1.0.13
40 info install AngularChat@0.9.0
41 info postinstall AngularChat@0.9.0
42 verbose unsafe-perm in lifecycle true
43 info AngularChat@0.9.0 Failed to exec postinstall script
44 error AngularChat@0.9.0 postinstall: `./node_modules/bower/bin/bower install`
44 error Exit status 1
45 error Failed at the AngularChat@0.9.0 postinstall script.
45 error This is most likely a problem with the AngularChat package,
45 error not with npm itself.
45 error Tell the author that this fails on your system:
45 error     ./node_modules/bower/bin/bower install
45 error You can get their info via:
45 error     npm owner ls AngularChat
45 error There is likely additional logging output above.
46 error System Windows_NT 6.2.9200
47 error command "C:\\Program Files\\nodejs\\\\node.exe" "C:\\Program Files\\nodejs\\node_modules\\npm\\bin\\npm-cli.js" "install"
48 error cwd C:\Users\Reginald\Desktop\CSE121\AngularChat
49 error node -v v0.10.25
50 error npm -v 1.3.24
51 error code ELIFECYCLE
52 verbose exit [ 1, true ]
